#
# There is insufficient memory for the Java Runtime Environment to continue.
# Native memory allocation (malloc) failed to allocate 32744 bytes for ChunkPool::allocate
# Possible reasons:
#   The system is out of physical RAM or swap space
#   The process is running with CompressedOops enabled, and the Java Heap may be blocking the growth of the native heap
# Possible solutions:
#   Reduce memory load on the system
#   Increase physical memory or swap space
#   Check if swap backing store is full
#   Decrease Java heap size (-Xmx/-Xms)
#   Decrease number of Java threads
#   Decrease Java thread stack sizes (-Xss)
#   Set larger code cache with -XX:ReservedCodeCacheSize=
#   JVM is running with Unscaled Compressed Oops mode in which the Java heap is
#     placed in the first 4GB address space. The Java Heap base address is the
#     maximum limit for the native heap growth. Please use -XX:HeapBaseMinAddress
#     to set the Java Heap base and to place the Java Heap above 4GB virtual address.
# This output file may be truncated or incomplete.
#
#  Out of Memory Error (arena.cpp:81), pid=17320, tid=12780
#
# JRE version: OpenJDK Runtime Environment Microsoft-8035250 (11.0.20+8) (build 11.0.20+8-LTS)
# Java VM: OpenJDK 64-Bit Server VM Microsoft-8035250 (11.0.20+8-LTS, mixed mode, tiered, compressed oops, g1 gc, windows-amd64)
# No core dump will be written. Minidumps are not enabled by default on client versions of Windows
#

---------------  S U M M A R Y ------------

Command Line: -XX:MaxMetaspaceSize=512m --add-opens=java.base/java.util=ALL-UNNAMED --add-opens=java.base/java.lang=ALL-UNNAMED --add-opens=java.base/java.lang.invoke=ALL-UNNAMED --add-opens=java.prefs/java.util.prefs=ALL-UNNAMED --add-opens=java.base/java.nio.charset=ALL-UNNAMED --add-opens=java.base/java.net=ALL-UNNAMED --add-opens=java.base/java.util.concurrent.atomic=ALL-UNNAMED -Xmx2048m -Dfile.encoding=windows-1252 -Duser.country=IN -Duser.language=en -Duser.variant org.gradle.launcher.daemon.bootstrap.GradleDaemon 8.0.1

Host: AMD Ryzen 5 3500U with Radeon Vega Mobile Gfx  , 8 cores, 3G,  Windows 11 , 64 bit Build 22621 (10.0.22621.2215)
Time: Fri Oct  6 18:32:54 2023 India Standard Time elapsed time: 23.079973 seconds (0d 0h 0m 23s)

---------------  T H R E A D  ---------------

Current thread (0x0000020e133ff000):  JavaThread "C2 CompilerThread0" daemon [_thread_in_native, id=12780, stack(0x000000e133b00000,0x000000e133c00000)]


Current CompileTask:
C2:  23080 3811   !   4       java.net.URLClassLoader$1::run (81 bytes)

Stack: [0x000000e133b00000,0x000000e133c00000]
Native frames: (J=compiled Java code, j=interpreted, Vv=VM code, C=native code)
V  [jvm.dll+0x62e9da]
V  [jvm.dll+0x7bc4e9]
V  [jvm.dll+0x7bdbd8]
V  [jvm.dll+0x7be2b3]
V  [jvm.dll+0x2505a8]
V  [jvm.dll+0xc289b]
V  [jvm.dll+0xc2bfc]
V  [jvm.dll+0x3478aa]
V  [jvm.dll+0x1c2df4]
V  [jvm.dll+0x1c4286]
V  [jvm.dll+0x1c2749]
V  [jvm.dll+0x1c1ea2]
V  [jvm.dll+0x1c2c4d]
V  [jvm.dll+0x1c20ae]
V  [jvm.dll+0x1b0282]
V  [jvm.dll+0x11e37f]
V  [jvm.dll+0x2c2b8d]
V  [jvm.dll+0x2c4665]
V  [jvm.dll+0x64bfd8]
V  [jvm.dll+0x643d8f]
V  [jvm.dll+0x64341b]
V  [jvm.dll+0x6412d5]
V  [jvm.dll+0x18d23c]
V  [jvm.dll+0x2c46e6]
V  [jvm.dll+0x64bfd8]
V  [jvm.dll+0x643d8f]
V  [jvm.dll+0x64341b]
V  [jvm.dll+0x6412d5]
V  [jvm.dll+0x18d23c]
V  [jvm.dll+0x2085c8]
V  [jvm.dll+0x18a7de]
V  [jvm.dll+0x2181ec]
V  [jvm.dll+0x21642b]
V  [jvm.dll+0x77efc0]
V  [jvm.dll+0x777db4]
V  [jvm.dll+0x62d845]
C  [ucrtbase.dll+0x29363]
C  [KERNEL32.DLL+0x1257d]
C  [ntdll.dll+0x5aa68]


---------------  P R O C E S S  ---------------

Threads class SMR info:
_java_thread_list=0x0000020e1854a350, length=36, elements={
0x0000020e7426d000, 0x0000020e1338e800, 0x0000020e13398800, 0x0000020e133ed800,
0x0000020e133ee800, 0x0000020e133ef800, 0x0000020e133ff000, 0x0000020e13400800,
0x0000020e13412000, 0x0000020e13e6e000, 0x0000020e15f60800, 0x0000020e15d4d800,
0x0000020e14903000, 0x0000020e15d15800, 0x0000020e14ae1800, 0x0000020e14ae2800,
0x0000020e14adc800, 0x0000020e14ae3000, 0x0000020e14add800, 0x0000020e14ade800,
0x0000020e14ae1000, 0x0000020e14adf000, 0x0000020e14ae0000, 0x0000020e1646a000,
0x0000020e16467800, 0x0000020e1646b000, 0x0000020e16468800, 0x0000020e16469000,
0x0000020e1646b800, 0x0000020e1646c800, 0x0000020e16466800, 0x0000020e1646f000,
0x0000020e1646d800, 0x0000020e16474000, 0x0000020e16471800, 0x0000020e1646e000
}

Java Threads: ( => current thread )
  0x0000020e7426d000 JavaThread "main" [_thread_blocked, id=16556, stack(0x000000e132f00000,0x000000e133000000)]
  0x0000020e1338e800 JavaThread "Reference Handler" daemon [_thread_blocked, id=16628, stack(0x000000e133600000,0x000000e133700000)]
  0x0000020e13398800 JavaThread "Finalizer" daemon [_thread_blocked, id=12672, stack(0x000000e133700000,0x000000e133800000)]
  0x0000020e133ed800 JavaThread "Signal Dispatcher" daemon [_thread_blocked, id=6628, stack(0x000000e133800000,0x000000e133900000)]
  0x0000020e133ee800 JavaThread "Attach Listener" daemon [_thread_blocked, id=11332, stack(0x000000e133900000,0x000000e133a00000)]
  0x0000020e133ef800 JavaThread "Service Thread" daemon [_thread_blocked, id=3920, stack(0x000000e133a00000,0x000000e133b00000)]
=>0x0000020e133ff000 JavaThread "C2 CompilerThread0" daemon [_thread_in_native, id=12780, stack(0x000000e133b00000,0x000000e133c00000)]
  0x0000020e13400800 JavaThread "C1 CompilerThread0" daemon [_thread_blocked, id=2088, stack(0x000000e133c00000,0x000000e133d00000)]
  0x0000020e13412000 JavaThread "Sweeper thread" daemon [_thread_blocked, id=3184, stack(0x000000e133d00000,0x000000e133e00000)]
  0x0000020e13e6e000 JavaThread "Common-Cleaner" daemon [_thread_blocked, id=7144, stack(0x000000e133e00000,0x000000e133f00000)]
  0x0000020e15f60800 JavaThread "Daemon health stats" [_thread_blocked, id=14844, stack(0x000000e134100000,0x000000e134200000)]
  0x0000020e15d4d800 JavaThread "Incoming local TCP Connector on port 57933" [_thread_in_native, id=17232, stack(0x000000e134200000,0x000000e134300000)]
  0x0000020e14903000 JavaThread "Daemon periodic checks" [_thread_blocked, id=15536, stack(0x000000e134300000,0x000000e134400000)]
  0x0000020e15d15800 JavaThread "Daemon" [_thread_blocked, id=4856, stack(0x000000e134400000,0x000000e134500000)]
  0x0000020e14ae1800 JavaThread "Handler for socket connection from /127.0.0.1:57933 to /127.0.0.1:57934" [_thread_in_native, id=12188, stack(0x000000e134500000,0x000000e134600000)]
  0x0000020e14ae2800 JavaThread "Cancel handler" [_thread_blocked, id=13152, stack(0x000000e134600000,0x000000e134700000)]
  0x0000020e14adc800 JavaThread "Daemon worker" [_thread_in_native, id=11632, stack(0x000000e134700000,0x000000e134800000)]
  0x0000020e14ae3000 JavaThread "Asynchronous log dispatcher for DefaultDaemonConnection: socket connection from /127.0.0.1:57933 to /127.0.0.1:57934" [_thread_blocked, id=11688, stack(0x000000e134800000,0x000000e134900000)]
  0x0000020e14add800 JavaThread "Stdin handler" [_thread_blocked, id=12952, stack(0x000000e134900000,0x000000e134a00000)]
  0x0000020e14ade800 JavaThread "Daemon client event forwarder" [_thread_blocked, id=16836, stack(0x000000e134a00000,0x000000e134b00000)]
  0x0000020e14ae1000 JavaThread "Cache worker for journal cache (C:\Users\ACER\.gradle\caches\journal-1)" [_thread_blocked, id=15208, stack(0x000000e135200000,0x000000e135300000)]
  0x0000020e14adf000 JavaThread "File lock request listener" [_thread_in_native, id=16296, stack(0x000000e135300000,0x000000e135400000)]
  0x0000020e14ae0000 JavaThread "Cache worker for file hash cache (C:\Users\ACER\.gradle\caches\8.0.1\fileHashes)" [_thread_blocked, id=16968, stack(0x000000e135400000,0x000000e135500000)]
  0x0000020e1646a000 JavaThread "File lock release action executor" [_thread_blocked, id=1824, stack(0x000000e135500000,0x000000e135600000)]
  0x0000020e16467800 JavaThread "File watcher server" daemon [_thread_in_native, id=11388, stack(0x000000e135600000,0x000000e135700000)]
  0x0000020e1646b000 JavaThread "File watcher consumer" daemon [_thread_blocked, id=15924, stack(0x000000e135700000,0x000000e135800000)]
  0x0000020e16468800 JavaThread "Cache worker for checksums cache (D:\Akki\Nupost-App\android\.gradle\8.0.1\checksums)" [_thread_blocked, id=11776, stack(0x000000e135800000,0x000000e135900000)]
  0x0000020e16469000 JavaThread "Cache worker for cache directory md-rule (C:\Users\ACER\.gradle\caches\8.0.1\md-rule)" [_thread_blocked, id=7380, stack(0x000000e135900000,0x000000e135a00000)]
  0x0000020e1646b800 JavaThread "Cache worker for file content cache (C:\Users\ACER\.gradle\caches\8.0.1\fileContent)" [_thread_blocked, id=13556, stack(0x000000e135a00000,0x000000e135b00000)]
  0x0000020e1646c800 JavaThread "Cache worker for file hash cache (D:\Akki\Nupost-App\android\.gradle\8.0.1\fileHashes)" [_thread_blocked, id=3180, stack(0x000000e135b00000,0x000000e135c00000)]
  0x0000020e16466800 JavaThread "Cache worker for cache directory md-supplier (C:\Users\ACER\.gradle\caches\8.0.1\md-supplier)" [_thread_blocked, id=10652, stack(0x000000e135c00000,0x000000e135d00000)]
  0x0000020e1646f000 JavaThread "Cache worker for execution history cache (C:\Users\ACER\.gradle\caches\8.0.1\executionHistory)" [_thread_blocked, id=10472, stack(0x000000e135d00000,0x000000e135e00000)]
  0x0000020e1646d800 JavaThread "jar transforms" [_thread_blocked, id=15944, stack(0x000000e135e00000,0x000000e135f00000)]
  0x0000020e16474000 JavaThread "jar transforms Thread 2" [_thread_blocked, id=4232, stack(0x000000e135f00000,0x000000e136000000)]
  0x0000020e16471800 JavaThread "jar transforms Thread 3" [_thread_blocked, id=13244, stack(0x000000e136000000,0x000000e136100000)]
  0x0000020e1646e000 JavaThread "jar transforms Thread 4" [_thread_blocked, id=14160, stack(0x000000e136100000,0x000000e136200000)]

Other Threads:
  0x0000020e13387800 VMThread "VM Thread" [stack: 0x000000e133500000,0x000000e133600000] [id=5744]
  0x0000020e13eaf000 WatcherThread [stack: 0x000000e133f00000,0x000000e134000000] [id=17272]
  0x0000020e74287800 GCTaskThread "GC Thread#0" [stack: 0x000000e133000000,0x000000e133100000] [id=10136]
  0x0000020e149b3800 GCTaskThread "GC Thread#1" [stack: 0x000000e134000000,0x000000e134100000] [id=17164]
  0x0000020e15785800 GCTaskThread "GC Thread#2" [stack: 0x000000e134b00000,0x000000e134c00000] [id=11372]
  0x0000020e14dc3000 GCTaskThread "GC Thread#3" [stack: 0x000000e134c00000,0x000000e134d00000] [id=11464]
  0x0000020e14dc3800 GCTaskThread "GC Thread#4" [stack: 0x000000e134d00000,0x000000e134e00000] [id=12496]
  0x0000020e14dc4800 GCTaskThread "GC Thread#5" [stack: 0x000000e134e00000,0x000000e134f00000] [id=11020]
  0x0000020e14360800 GCTaskThread "GC Thread#6" [stack: 0x000000e134f00000,0x000000e135000000] [id=3232]
  0x0000020e14361800 GCTaskThread "GC Thread#7" [stack: 0x000000e135000000,0x000000e135100000] [id=10176]
  0x0000020e742b8000 ConcurrentGCThread "G1 Main Marker" [stack: 0x000000e133100000,0x000000e133200000] [id=16912]
  0x0000020e742b9800 ConcurrentGCThread "G1 Conc#0" [stack: 0x000000e133200000,0x000000e133300000] [id=16964]
  0x0000020e15821000 ConcurrentGCThread "G1 Conc#1" [stack: 0x000000e135100000,0x000000e135200000] [id=13384]
  0x0000020e74318000 ConcurrentGCThread "G1 Refine#0" [stack: 0x000000e133300000,0x000000e133400000] [id=12408]
  0x0000020e74319000 ConcurrentGCThread "G1 Young RemSet Sampling" [stack: 0x000000e133400000,0x000000e133500000] [id=14832]

Threads with active compile tasks:
C2 CompilerThread0    23173 3811   !   4       java.net.URLClassLoader$1::run (81 bytes)

VM state:not at safepoint (normal execution)

VM Mutex/Monitor currently owned by a thread: None

Heap address: 0x0000000080000000, size: 2048 MB, Compressed Oops mode: 32-bit
Narrow klass base: 0x0000000000000000, Narrow klass shift: 3
Compressed class space size: 528482304 Address: 0x0000000100000000

Heap:
 garbage-first heap   total 57344K, used 39555K [0x0000000080000000, 0x0000000100000000)
  region size 1024K, 14 young (14336K), 3 survivors (3072K)
 Metaspace       used 41489K, capacity 42618K, committed 42672K, reserved 555008K
  class space    used 5206K, capacity 5627K, committed 5632K, reserved 516096K
Heap Regions: E=young(eden), S=young(survivor), O=old, HS=humongous(starts), HC=humongous(continues), CS=collection set, F=free, A=archive, TAMS=top-at-mark-start (previous, next)
|   0|0x0000000080000000, 0x0000000080100000, 0x0000000080100000|100%|HS|  |TAMS 0x0000000080100000, 0x0000000080000000| Complete 
|   1|0x0000000080100000, 0x0000000080200000, 0x0000000080200000|100%|HC|  |TAMS 0x0000000080200000, 0x0000000080100000| Complete 
|   2|0x0000000080200000, 0x0000000080300000, 0x0000000080300000|100%|HC|  |TAMS 0x0000000080300000, 0x0000000080200000| Complete 
|   3|0x0000000080300000, 0x0000000080400000, 0x0000000080400000|100%|HC|  |TAMS 0x0000000080400000, 0x0000000080300000| Complete 
|   4|0x0000000080400000, 0x0000000080500000, 0x0000000080500000|100%| O|  |TAMS 0x0000000080500000, 0x0000000080400000| Untracked 
|   5|0x0000000080500000, 0x0000000080600000, 0x0000000080600000|100%| O|  |TAMS 0x0000000080600000, 0x0000000080500000| Untracked 
|   6|0x0000000080600000, 0x0000000080700000, 0x0000000080700000|100%| O|  |TAMS 0x0000000080700000, 0x0000000080600000| Untracked 
|   7|0x0000000080700000, 0x0000000080800000, 0x0000000080800000|100%| O|  |TAMS 0x0000000080800000, 0x0000000080700000| Untracked 
|   8|0x0000000080800000, 0x0000000080900000, 0x0000000080900000|100%| O|  |TAMS 0x0000000080900000, 0x0000000080800000| Untracked 
|   9|0x0000000080900000, 0x0000000080a00000, 0x0000000080a00000|100%| O|  |TAMS 0x0000000080a00000, 0x0000000080900000| Untracked 
|  10|0x0000000080a00000, 0x0000000080b00000, 0x0000000080b00000|100%| O|  |TAMS 0x0000000080b00000, 0x0000000080a00000| Untracked 
|  11|0x0000000080b00000, 0x0000000080c00000, 0x0000000080c00000|100%| O|  |TAMS 0x0000000080c00000, 0x0000000080b00000| Untracked 
|  12|0x0000000080c00000, 0x0000000080d00000, 0x0000000080d00000|100%| O|  |TAMS 0x0000000080d00000, 0x0000000080c00000| Untracked 
|  13|0x0000000080d00000, 0x0000000080e00000, 0x0000000080e00000|100%| O|  |TAMS 0x0000000080e00000, 0x0000000080d00000| Untracked 
|  14|0x0000000080e00000, 0x0000000080f00000, 0x0000000080f00000|100%| O|  |TAMS 0x0000000080f00000, 0x0000000080e00000| Untracked 
|  15|0x0000000080f00000, 0x0000000081000000, 0x0000000081000000|100%| O|  |TAMS 0x0000000081000000, 0x0000000080f00000| Untracked 
|  16|0x0000000081000000, 0x0000000081100000, 0x0000000081100000|100%| O|  |TAMS 0x0000000081100000, 0x0000000081000000| Untracked 
|  17|0x0000000081100000, 0x0000000081200000, 0x0000000081200000|100%| O|  |TAMS 0x0000000081200000, 0x0000000081100000| Untracked 
|  18|0x0000000081200000, 0x0000000081300000, 0x0000000081300000|100%| O|  |TAMS 0x0000000081300000, 0x0000000081200000| Untracked 
|  19|0x0000000081300000, 0x0000000081400000, 0x0000000081400000|100%| O|  |TAMS 0x0000000081400000, 0x0000000081300000| Untracked 
|  20|0x0000000081400000, 0x0000000081500000, 0x0000000081500000|100%| O|  |TAMS 0x0000000081500000, 0x0000000081400000| Untracked 
|  21|0x0000000081500000, 0x0000000081600000, 0x0000000081600000|100%| O|  |TAMS 0x0000000081600000, 0x0000000081500000| Untracked 
|  22|0x0000000081600000, 0x0000000081700000, 0x0000000081700000|100%| O|  |TAMS 0x0000000081700000, 0x0000000081600000| Untracked 
|  23|0x0000000081700000, 0x0000000081800000, 0x0000000081800000|100%| O|  |TAMS 0x0000000081800000, 0x0000000081700000| Untracked 
|  24|0x0000000081800000, 0x0000000081900000, 0x0000000081900000|100%| O|  |TAMS 0x0000000081900000, 0x0000000081800000| Untracked 
|  25|0x0000000081900000, 0x0000000081a00000, 0x0000000081a00000|100%| O|  |TAMS 0x000000008196b400, 0x0000000081900000| Untracked 
|  26|0x0000000081a00000, 0x0000000081a00000, 0x0000000081b00000|  0%| F|  |TAMS 0x0000000081a00000, 0x0000000081a00000| Untracked 
|  27|0x0000000081b00000, 0x0000000081b00000, 0x0000000081c00000|  0%| F|  |TAMS 0x0000000081b00000, 0x0000000081b00000| Untracked 
|  28|0x0000000081c00000, 0x0000000081c00000, 0x0000000081d00000|  0%| F|  |TAMS 0x0000000081c00000, 0x0000000081c00000| Untracked 
|  29|0x0000000081d00000, 0x0000000081d6c600, 0x0000000081e00000| 42%| O|  |TAMS 0x0000000081d00000, 0x0000000081d00000| Untracked 
|  30|0x0000000081e00000, 0x0000000081e00000, 0x0000000081f00000|  0%| F|  |TAMS 0x0000000081e00000, 0x0000000081e00000| Untracked 
|  31|0x0000000081f00000, 0x0000000081f00000, 0x0000000082000000|  0%| F|  |TAMS 0x0000000081f00000, 0x0000000081f00000| Untracked 
|  32|0x0000000082000000, 0x0000000082000000, 0x0000000082100000|  0%| F|  |TAMS 0x0000000082000000, 0x0000000082000000| Untracked 
|  33|0x0000000082100000, 0x0000000082100000, 0x0000000082200000|  0%| F|  |TAMS 0x0000000082100000, 0x0000000082100000| Untracked 
|  34|0x0000000082200000, 0x0000000082200000, 0x0000000082300000|  0%| F|  |TAMS 0x0000000082200000, 0x0000000082200000| Untracked 
|  35|0x0000000082300000, 0x00000000823346e8, 0x0000000082400000| 20%| S|CS|TAMS 0x0000000082300000, 0x0000000082300000| Complete 
|  36|0x0000000082400000, 0x0000000082500000, 0x0000000082500000|100%| S|CS|TAMS 0x0000000082400000, 0x0000000082400000| Complete 
|  37|0x0000000082500000, 0x0000000082600000, 0x0000000082600000|100%| S|CS|TAMS 0x0000000082500000, 0x0000000082500000| Complete 
|  38|0x0000000082600000, 0x0000000082600000, 0x0000000082700000|  0%| F|  |TAMS 0x0000000082600000, 0x0000000082600000| Untracked 
|  39|0x0000000082700000, 0x0000000082700000, 0x0000000082800000|  0%| F|  |TAMS 0x0000000082700000, 0x0000000082700000| Untracked 
|  40|0x0000000082800000, 0x0000000082800000, 0x0000000082900000|  0%| F|  |TAMS 0x0000000082800000, 0x0000000082800000| Untracked 
|  41|0x0000000082900000, 0x0000000082900000, 0x0000000082a00000|  0%| F|  |TAMS 0x0000000082900000, 0x0000000082900000| Untracked 
|  42|0x0000000082a00000, 0x0000000082a00000, 0x0000000082b00000|  0%| F|  |TAMS 0x0000000082a00000, 0x0000000082a00000| Untracked 
|  43|0x0000000082b00000, 0x0000000082b00000, 0x0000000082c00000|  0%| F|  |TAMS 0x0000000082b00000, 0x0000000082b00000| Untracked 
|  44|0x0000000082c00000, 0x0000000082c00000, 0x0000000082d00000|  0%| F|  |TAMS 0x0000000082c00000, 0x0000000082c00000| Untracked 
|  45|0x0000000082d00000, 0x0000000082d494d0, 0x0000000082e00000| 28%| E|  |TAMS 0x0000000082d00000, 0x0000000082d00000| Complete 
|  46|0x0000000082e00000, 0x0000000082f00000, 0x0000000082f00000|100%| E|CS|TAMS 0x0000000082e00000, 0x0000000082e00000| Complete 
|  47|0x0000000082f00000, 0x0000000083000000, 0x0000000083000000|100%| E|CS|TAMS 0x0000000082f00000, 0x0000000082f00000| Complete 
|  48|0x0000000083000000, 0x0000000083100000, 0x0000000083100000|100%| E|CS|TAMS 0x0000000083000000, 0x0000000083000000| Complete 
|  49|0x0000000083100000, 0x0000000083200000, 0x0000000083200000|100%| E|CS|TAMS 0x0000000083100000, 0x0000000083100000| Complete 
|  50|0x0000000083200000, 0x0000000083300000, 0x0000000083300000|100%| E|CS|TAMS 0x0000000083200000, 0x0000000083200000| Complete 
|  51|0x0000000083300000, 0x0000000083400000, 0x0000000083400000|100%| E|CS|TAMS 0x0000000083300000, 0x0000000083300000| Complete 
|  52|0x0000000083400000, 0x0000000083500000, 0x0000000083500000|100%| E|CS|TAMS 0x0000000083400000, 0x0000000083400000| Complete 
|  53|0x0000000083500000, 0x0000000083600000, 0x0000000083600000|100%| E|CS|TAMS 0x0000000083500000, 0x0000000083500000| Complete 
|  54|0x0000000083600000, 0x0000000083700000, 0x0000000083700000|100%| E|CS|TAMS 0x0000000083600000, 0x0000000083600000| Complete 
|  55|0x0000000083700000, 0x0000000083800000, 0x0000000083800000|100%| E|CS|TAMS 0x0000000083700000, 0x0000000083700000| Complete 

Card table byte_map: [0x0000020e7d120000,0x0000020e7d520000] _byte_map_base: 0x0000020e7cd20000

Marking Bits (Prev, Next): (CMBitMap*) 0x0000020e742af698, (CMBitMap*) 0x0000020e742af6d0
 Prev Bits: [0x0000020e7d920000, 0x0000020e7f920000)
 Next Bits: [0x0000020e0f000000, 0x0000020e11000000)

Polling page: 0x0000020e73a40000

Metaspace:

Usage:
  Non-class:     36.12 MB capacity,    35.43 MB ( 98%) used,   600.27 KB (  2%) free+waste,   107.69 KB ( <1%) overhead. 
      Class:      5.50 MB capacity,     5.08 MB ( 93%) used,   367.95 KB (  7%) free+waste,    52.38 KB ( <1%) overhead. 
       Both:     41.62 MB capacity,    40.52 MB ( 97%) used,   968.22 KB (  2%) free+waste,   160.06 KB ( <1%) overhead. 

Virtual space:
  Non-class space:       38.00 MB reserved,      36.17 MB ( 95%) committed 
      Class space:      504.00 MB reserved,       5.50 MB (  1%) committed 
             Both:      542.00 MB reserved,      41.67 MB (  8%) committed 

Chunk freelists:
   Non-Class:  49.00 KB
       Class:  5.00 KB
        Both:  54.00 KB

MaxMetaspaceSize: 512.00 MB
CompressedClassSpaceSize: 504.00 MB
Initial GC threshold: 20.80 MB
Current GC threshold: 67.58 MB
CDS: off

CodeHeap 'non-profiled nmethods': size=120000Kb used=1691Kb max_used=1691Kb free=118308Kb
 bounds [0x0000020e07ad0000, 0x0000020e07d40000, 0x0000020e0f000000]
CodeHeap 'profiled nmethods': size=120000Kb used=8037Kb max_used=8037Kb free=111962Kb
 bounds [0x0000020e005a0000, 0x0000020e00d80000, 0x0000020e07ad0000]
CodeHeap 'non-nmethods': size=5760Kb used=2276Kb max_used=2306Kb free=3483Kb
 bounds [0x0000020e00000000, 0x0000020e00270000, 0x0000020e005a0000]
 total_blobs=4538 nmethods=3769 adapters=681
 compilation: enabled
              stopped_count=0, restarted_count=0
 full_count=0

Compilation events (20 events):
Event: 18.357 Thread 0x0000020e13400800 3801       1       javax.management.ObjectName::getCanonicalName (5 bytes)
Event: 18.357 Thread 0x0000020e13400800 nmethod 3801 0x0000020e07c76810 code [0x0000020e07c769c0, 0x0000020e07c76a78]
Event: 19.354 Thread 0x0000020e13400800 3803       3       java.lang.management.ManagementFactory$$Lambda$60/0x0000000100139c40::apply (12 bytes)
Event: 19.355 Thread 0x0000020e13400800 nmethod 3803 0x0000020e00d69310 code [0x0000020e00d69500, 0x0000020e00d698d8]
Event: 19.355 Thread 0x0000020e13400800 3804       3       java.lang.management.ManagementFactory::lambda$getPlatformMXBeans$3 (13 bytes)
Event: 19.355 Thread 0x0000020e13400800 nmethod 3804 0x0000020e00d69a10 code [0x0000020e00d69be0, 0x0000020e00d69e38]
Event: 19.355 Thread 0x0000020e13400800 3805       3       jdk.internal.misc.Unsafe::allocateUninitializedArray0 (90 bytes)
Event: 19.355 Thread 0x0000020e13400800 nmethod 3805 0x0000020e00d69f10 code [0x0000020e00d6a100, 0x0000020e00d6a958]
Event: 19.355 Thread 0x0000020e13400800 3806       3       java.lang.StringConcatHelper::newString (46 bytes)
Event: 19.357 Thread 0x0000020e13400800 nmethod 3806 0x0000020e00d6aa90 code [0x0000020e00d6ad20, 0x0000020e00d6b7a8]
Event: 20.343 Thread 0x0000020e13400800 3807       3       java.util.ComparableTimSort::countRunAndMakeAscending (123 bytes)
Event: 20.344 Thread 0x0000020e13400800 nmethod 3807 0x0000020e00d6bb90 code [0x0000020e00d6be00, 0x0000020e00d6cc28]
Event: 20.344 Thread 0x0000020e13400800 3808       3       java.util.Spliterators::emptySpliterator (4 bytes)
Event: 20.345 Thread 0x0000020e13400800 nmethod 3808 0x0000020e00d6d010 code [0x0000020e00d6d1c0, 0x0000020e00d6d2b8]
Event: 20.345 Thread 0x0000020e13400800 3809       3       java.util.Collections$EmptyList::spliterator (4 bytes)
Event: 20.345 Thread 0x0000020e13400800 nmethod 3809 0x0000020e00d6d310 code [0x0000020e00d6d4c0, 0x0000020e00d6d618]
Event: 21.343 Thread 0x0000020e13400800 3810       3       java.util.Arrays::sort (24 bytes)
Event: 21.343 Thread 0x0000020e13400800 nmethod 3810 0x0000020e00d6d710 code [0x0000020e00d6d8c0, 0x0000020e00d6da08]
Event: 22.952 Thread 0x0000020e133ff000 3811   !   4       java.net.URLClassLoader$1::run (81 bytes)
Event: 23.005 Thread 0x0000020e13400800 3812       3       sun.reflect.generics.parser.SignatureParser::parseTypeArguments (109 bytes)

GC Heap History (20 events):
Event: 11.018 GC heap before
{Heap before GC invocations=9 (full 0):
 garbage-first heap   total 57344K, used 37320K [0x0000000080000000, 0x0000000100000000)
  region size 1024K, 19 young (19456K), 2 survivors (2048K)
 Metaspace       used 25245K, capacity 25821K, committed 25904K, reserved 538624K
  class space    used 3168K, capacity 3388K, committed 3456K, reserved 516096K
}
Event: 11.025 GC heap after
{Heap after GC invocations=10 (full 0):
 garbage-first heap   total 57344K, used 20540K [0x0000000080000000, 0x0000000100000000)
  region size 1024K, 2 young (2048K), 2 survivors (2048K)
 Metaspace       used 25245K, capacity 25821K, committed 25904K, reserved 538624K
  class space    used 3168K, capacity 3388K, committed 3456K, reserved 516096K
}
Event: 11.826 GC heap before
{Heap before GC invocations=10 (full 0):
 garbage-first heap   total 57344K, used 37948K [0x0000000080000000, 0x0000000100000000)
  region size 1024K, 19 young (19456K), 2 survivors (2048K)
 Metaspace       used 27523K, capacity 28247K, committed 28336K, reserved 540672K
  class space    used 3506K, capacity 3776K, committed 3840K, reserved 516096K
}
Event: 11.830 GC heap after
{Heap after GC invocations=11 (full 0):
 garbage-first heap   total 57344K, used 21802K [0x0000000080000000, 0x0000000100000000)
  region size 1024K, 3 young (3072K), 3 survivors (3072K)
 Metaspace       used 27523K, capacity 28247K, committed 28336K, reserved 540672K
  class space    used 3506K, capacity 3776K, committed 3840K, reserved 516096K
}
Event: 12.298 GC heap before
{Heap before GC invocations=11 (full 0):
 garbage-first heap   total 57344K, used 39210K [0x0000000080000000, 0x0000000100000000)
  region size 1024K, 20 young (20480K), 3 survivors (3072K)
 Metaspace       used 28652K, capacity 29312K, committed 29488K, reserved 542720K
  class space    used 3696K, capacity 3962K, committed 3968K, reserved 516096K
}
Event: 12.302 GC heap after
{Heap after GC invocations=12 (full 0):
 garbage-first heap   total 57344K, used 21923K [0x0000000080000000, 0x0000000100000000)
  region size 1024K, 2 young (2048K), 2 survivors (2048K)
 Metaspace       used 28652K, capacity 29312K, committed 29488K, reserved 542720K
  class space    used 3696K, capacity 3962K, committed 3968K, reserved 516096K
}
Event: 12.771 GC heap before
{Heap before GC invocations=12 (full 0):
 garbage-first heap   total 57344K, used 40355K [0x0000000080000000, 0x0000000100000000)
  region size 1024K, 20 young (20480K), 2 survivors (2048K)
 Metaspace       used 30309K, capacity 31067K, committed 31408K, reserved 544768K
  class space    used 3947K, capacity 4249K, committed 4352K, reserved 516096K
}
Event: 12.774 GC heap after
{Heap after GC invocations=13 (full 0):
 garbage-first heap   total 57344K, used 22419K [0x0000000080000000, 0x0000000100000000)
  region size 1024K, 2 young (2048K), 2 survivors (2048K)
 Metaspace       used 30309K, capacity 31067K, committed 31408K, reserved 544768K
  class space    used 3947K, capacity 4249K, committed 4352K, reserved 516096K
}
Event: 13.195 GC heap before
{Heap before GC invocations=13 (full 0):
 garbage-first heap   total 57344K, used 40851K [0x0000000080000000, 0x0000000100000000)
  region size 1024K, 20 young (20480K), 2 survivors (2048K)
 Metaspace       used 32489K, capacity 33234K, committed 33456K, reserved 546816K
  class space    used 4252K, capacity 4546K, committed 4608K, reserved 516096K
}
Event: 13.198 GC heap after
{Heap after GC invocations=14 (full 0):
 garbage-first heap   total 57344K, used 22948K [0x0000000080000000, 0x0000000100000000)
  region size 1024K, 2 young (2048K), 2 survivors (2048K)
 Metaspace       used 32489K, capacity 33234K, committed 33456K, reserved 546816K
  class space    used 4252K, capacity 4546K, committed 4608K, reserved 516096K
}
Event: 13.517 GC heap before
{Heap before GC invocations=14 (full 0):
 garbage-first heap   total 57344K, used 32164K [0x0000000080000000, 0x0000000100000000)
  region size 1024K, 12 young (12288K), 2 survivors (2048K)
 Metaspace       used 35013K, capacity 35793K, committed 35920K, reserved 548864K
  class space    used 4461K, capacity 4783K, committed 4864K, reserved 516096K
}
Event: 13.524 GC heap after
{Heap after GC invocations=15 (full 0):
 garbage-first heap   total 57344K, used 24479K [0x0000000080000000, 0x0000000100000000)
  region size 1024K, 3 young (3072K), 3 survivors (3072K)
 Metaspace       used 35013K, capacity 35793K, committed 35920K, reserved 548864K
  class space    used 4461K, capacity 4783K, committed 4864K, reserved 516096K
}
Event: 14.633 GC heap before
{Heap before GC invocations=16 (full 0):
 garbage-first heap   total 57344K, used 40863K [0x0000000080000000, 0x0000000100000000)
  region size 1024K, 20 young (20480K), 3 survivors (3072K)
 Metaspace       used 37992K, capacity 38896K, committed 39216K, reserved 550912K
  class space    used 4800K, capacity 5155K, committed 5248K, reserved 516096K
}
Event: 14.668 GC heap after
{Heap after GC invocations=17 (full 0):
 garbage-first heap   total 57344K, used 26937K [0x0000000080000000, 0x0000000100000000)
  region size 1024K, 3 young (3072K), 3 survivors (3072K)
 Metaspace       used 37992K, capacity 38896K, committed 39216K, reserved 550912K
  class space    used 4800K, capacity 5155K, committed 5248K, reserved 516096K
}
Event: 15.171 GC heap before
{Heap before GC invocations=18 (full 0):
 garbage-first heap   total 57344K, used 42297K [0x0000000080000000, 0x0000000100000000)
  region size 1024K, 18 young (18432K), 3 survivors (3072K)
 Metaspace       used 38724K, capacity 39717K, committed 39856K, reserved 550912K
  class space    used 4909K, capacity 5302K, committed 5376K, reserved 516096K
}
Event: 15.177 GC heap after
{Heap after GC invocations=19 (full 0):
 garbage-first heap   total 57344K, used 27192K [0x0000000080000000, 0x0000000100000000)
  region size 1024K, 2 young (2048K), 2 survivors (2048K)
 Metaspace       used 38724K, capacity 39717K, committed 39856K, reserved 550912K
  class space    used 4909K, capacity 5302K, committed 5376K, reserved 516096K
}
Event: 16.105 GC heap before
{Heap before GC invocations=19 (full 0):
 garbage-first heap   total 57344K, used 37432K [0x0000000080000000, 0x0000000100000000)
  region size 1024K, 14 young (14336K), 2 survivors (2048K)
 Metaspace       used 39690K, capacity 40727K, committed 41008K, reserved 552960K
  class space    used 5035K, capacity 5422K, committed 5504K, reserved 516096K
}
Event: 16.110 GC heap after
{Heap after GC invocations=20 (full 0):
 garbage-first heap   total 57344K, used 28562K [0x0000000080000000, 0x0000000100000000)
  region size 1024K, 3 young (3072K), 3 survivors (3072K)
 Metaspace       used 39690K, capacity 40727K, committed 41008K, reserved 552960K
  class space    used 5035K, capacity 5422K, committed 5504K, reserved 516096K
}
Event: 17.154 GC heap before
{Heap before GC invocations=21 (full 0):
 garbage-first heap   total 57344K, used 45970K [0x0000000080000000, 0x0000000100000000)
  region size 1024K, 18 young (18432K), 3 survivors (3072K)
 Metaspace       used 40941K, capacity 41991K, committed 42032K, reserved 552960K
  class space    used 5127K, capacity 5500K, committed 5504K, reserved 516096K
}
Event: 17.161 GC heap after
{Heap after GC invocations=22 (full 0):
 garbage-first heap   total 57344K, used 29315K [0x0000000080000000, 0x0000000100000000)
  region size 1024K, 3 young (3072K), 3 survivors (3072K)
 Metaspace       used 40941K, capacity 41991K, committed 42032K, reserved 552960K
  class space    used 5127K, capacity 5500K, committed 5504K, reserved 516096K
}

Deoptimization events (20 events):
Event: 17.003 Thread 0x0000020e14ae0000 Uncommon trap: trap_request=0xffffffc6 fr.pc=0x0000020e07c48c04 relative=0x0000000000000ae4
Event: 17.004 Thread 0x0000020e14ae0000 Uncommon trap: reason=bimorphic_or_optimized_type_check action=maybe_recompile pc=0x0000020e07c48c04 method=java.io.BufferedInputStream.read([BII)I @ 101 c2
Event: 17.004 Thread 0x0000020e14ae0000 DEOPT PACKING pc=0x0000020e07c48c04 sp=0x000000e1354fe6a0
Event: 17.004 Thread 0x0000020e14ae0000 DEOPT UNPACKING pc=0x0000020e0004a1af sp=0x000000e1354fe658 mode 2
Event: 17.005 Thread 0x0000020e14ae0000 Uncommon trap: trap_request=0xffffffc6 fr.pc=0x0000020e07c48c04 relative=0x0000000000000ae4
Event: 17.005 Thread 0x0000020e14ae0000 Uncommon trap: reason=bimorphic_or_optimized_type_check action=maybe_recompile pc=0x0000020e07c48c04 method=java.io.BufferedInputStream.read([BII)I @ 101 c2
Event: 17.005 Thread 0x0000020e14ae0000 DEOPT PACKING pc=0x0000020e07c48c04 sp=0x000000e1354fe6a0
Event: 17.006 Thread 0x0000020e14ae0000 DEOPT UNPACKING pc=0x0000020e0004a1af sp=0x000000e1354fe658 mode 2
Event: 17.009 Thread 0x0000020e14ae0000 Uncommon trap: trap_request=0xffffffc6 fr.pc=0x0000020e07c48c04 relative=0x0000000000000ae4
Event: 17.009 Thread 0x0000020e14ae0000 Uncommon trap: reason=bimorphic_or_optimized_type_check action=maybe_recompile pc=0x0000020e07c48c04 method=java.io.BufferedInputStream.read([BII)I @ 101 c2
Event: 17.009 Thread 0x0000020e14ae0000 DEOPT PACKING pc=0x0000020e07c48c04 sp=0x000000e1354fe6f0
Event: 17.009 Thread 0x0000020e14ae0000 DEOPT UNPACKING pc=0x0000020e0004a1af sp=0x000000e1354fe6a8 mode 2
Event: 17.225 Thread 0x0000020e14adc800 Uncommon trap: trap_request=0xffffff4d fr.pc=0x0000020e07c4fb18 relative=0x00000000000009b8
Event: 17.225 Thread 0x0000020e14adc800 Uncommon trap: reason=unstable_if action=reinterpret pc=0x0000020e07c4fb18 method=java.util.WeakHashMap.eq(Ljava/lang/Object;Ljava/lang/Object;)Z @ 2 c2
Event: 17.225 Thread 0x0000020e14adc800 DEOPT PACKING pc=0x0000020e07c4fb18 sp=0x000000e1347f5ed0
Event: 17.225 Thread 0x0000020e14adc800 DEOPT UNPACKING pc=0x0000020e0004a1af sp=0x000000e1347f5e40 mode 2
Event: 17.274 Thread 0x0000020e14adc800 Uncommon trap: trap_request=0xffffff4d fr.pc=0x0000020e07b86ecc relative=0x000000000000140c
Event: 17.274 Thread 0x0000020e14adc800 Uncommon trap: reason=unstable_if action=reinterpret pc=0x0000020e07b86ecc method=java.util.concurrent.ConcurrentHashMap.putVal(Ljava/lang/Object;Ljava/lang/Object;Z)Ljava/lang/Object; @ 231 c2
Event: 17.275 Thread 0x0000020e14adc800 DEOPT PACKING pc=0x0000020e07b86ecc sp=0x000000e1347f6e50
Event: 17.275 Thread 0x0000020e14adc800 DEOPT UNPACKING pc=0x0000020e0004a1af sp=0x000000e1347f6dd0 mode 2

Classes redefined (0 events):
No events

Internal exceptions (20 events):
Event: 17.285 Thread 0x0000020e14adc800 Exception <a 'java/lang/ClassNotFoundException'{0x000000008335f260}: java/lang/RuntimeCustomizer> (0x000000008335f260) thrown at [s\src\hotspot\share\classfile\systemDictionary.cpp, line 230]
Event: 17.337 Thread 0x0000020e14adc800 Exception <a 'java/lang/NoSuchMethodError'{0x0000000083387cb0}: 'void java.lang.invoke.DirectMethodHandle$Holder.invokeStatic(java.lang.Object, long)'> (0x0000000083387cb0) thrown at [s\src\hotspot\share\interpreter\linkResolver.cpp, line 773]
Event: 17.339 Thread 0x0000020e14adc800 Exception <a 'java/lang/NoSuchMethodError'{0x000000008338dd78}: 'java.lang.Object java.lang.invoke.DirectMethodHandle$Holder.invokeStatic(java.lang.Object, long)'> (0x000000008338dd78) thrown at [s\src\hotspot\share\interpreter\linkResolver.cpp, line 773]
Event: 17.341 Thread 0x0000020e14adc800 Exception <a 'java/lang/NoSuchMethodError'{0x0000000083392090}: 'java.lang.Object java.lang.invoke.DirectMethodHandle$Holder.invokeSpecial(java.lang.Object, java.lang.Object, long)'> (0x0000000083392090) thrown at [s\src\hotspot\share\interpreter\linkResolver.cpp, line 773]
Event: 17.379 Thread 0x0000020e14adc800 Exception <a 'java/lang/NoSuchMethodError'{0x000000008339ec60}: 'java.lang.Object java.lang.invoke.DirectMethodHandle$Holder.invokeStatic(java.lang.Object, java.lang.Object, long, java.lang.Object)'> (0x000000008339ec60) thrown at [s\src\hotspot\share\interpreter\linkResolver.cpp, line 773]
Event: 17.385 Thread 0x0000020e14adc800 Exception <a 'java/lang/NoSuchMethodError'{0x00000000833a2d38}: 'java.lang.Object java.lang.invoke.DirectMethodHandle$Holder.invokeStaticInit(java.lang.Object, java.lang.Object, long, java.lang.Object)'> (0x00000000833a2d38) thrown at [s\src\hotspot\share\interpreter\linkResolver.cpp, line 773]
Event: 17.393 Thread 0x0000020e14adc800 Exception <a 'java/lang/ClassNotFoundException'{0x00000000833c8320}: java/lang/ProcessImplBeanInfo> (0x00000000833c8320) thrown at [s\src\hotspot\share\classfile\systemDictionary.cpp, line 230]
Event: 17.393 Thread 0x0000020e14adc800 Exception <a 'java/lang/ClassNotFoundException'{0x00000000833cdd10}: java/lang/ProcessBeanInfo> (0x00000000833cdd10) thrown at [s\src\hotspot\share\classfile\systemDictionary.cpp, line 230]
Event: 17.394 Thread 0x0000020e14adc800 Exception <a 'java/lang/ClassNotFoundException'{0x00000000833d36c8}: java/lang/ProcessCustomizer> (0x00000000833d36c8) thrown at [s\src\hotspot\share\classfile\systemDictionary.cpp, line 230]
Event: 17.396 Thread 0x0000020e14adc800 Exception <a 'java/lang/ClassNotFoundException'{0x00000000833e7db8}: java/lang/ProcessImplCustomizer> (0x00000000833e7db8) thrown at [s\src\hotspot\share\classfile\systemDictionary.cpp, line 230]
Event: 17.419 Thread 0x0000020e14adc800 Exception <a 'java/lang/ClassNotFoundException'{0x000000008323a4e0}: java/io/InputStreamReaderBeanInfo> (0x000000008323a4e0) thrown at [s\src\hotspot\share\classfile\systemDictionary.cpp, line 230]
Event: 17.420 Thread 0x0000020e14adc800 Exception <a 'java/lang/ClassNotFoundException'{0x000000008323fe48}: java/io/ReaderBeanInfo> (0x000000008323fe48) thrown at [s\src\hotspot\share\classfile\systemDictionary.cpp, line 230]
Event: 17.420 Thread 0x0000020e14adc800 Exception <a 'java/lang/ClassNotFoundException'{0x00000000832457c8}: java/io/ReaderCustomizer> (0x00000000832457c8) thrown at [s\src\hotspot\share\classfile\systemDictionary.cpp, line 230]
Event: 17.422 Thread 0x0000020e14adc800 Exception <a 'java/lang/ClassNotFoundException'{0x00000000832507c0}: java/io/InputStreamReaderCustomizer> (0x00000000832507c0) thrown at [s\src\hotspot\share\classfile\systemDictionary.cpp, line 230]
Event: 17.426 Thread 0x0000020e14adc800 Exception <a 'java/lang/ClassNotFoundException'{0x0000000083274848}: java/io/BufferedReaderBeanInfo> (0x0000000083274848) thrown at [s\src\hotspot\share\classfile\systemDictionary.cpp, line 230]
Event: 17.427 Thread 0x0000020e14adc800 Exception <a 'java/lang/ClassNotFoundException'{0x000000008327a208}: java/io/BufferedReaderCustomizer> (0x000000008327a208) thrown at [s\src\hotspot\share\classfile\systemDictionary.cpp, line 230]
Event: 17.441 Thread 0x0000020e14adc800 Exception <a 'java/lang/ClassNotFoundException'{0x00000000831b1d60}: java/lang/StringBufferBeanInfo> (0x00000000831b1d60) thrown at [s\src\hotspot\share\classfile\systemDictionary.cpp, line 230]
Event: 17.441 Thread 0x0000020e14adc800 Exception <a 'java/lang/ClassNotFoundException'{0x00000000831b7798}: java/lang/AbstractStringBuilderBeanInfo> (0x00000000831b7798) thrown at [s\src\hotspot\share\classfile\systemDictionary.cpp, line 230]
Event: 17.442 Thread 0x0000020e14adc800 Exception <a 'java/lang/ClassNotFoundException'{0x00000000831bd308}: java/lang/AbstractStringBuilderCustomizer> (0x00000000831bd308) thrown at [s\src\hotspot\share\classfile\systemDictionary.cpp, line 230]
Event: 17.458 Thread 0x0000020e14adc800 Exception <a 'java/lang/ClassNotFoundException'{0x00000000830a1288}: java/lang/StringBufferCustomizer> (0x00000000830a1288) thrown at [s\src\hotspot\share\classfile\systemDictionary.cpp, line 230]

Events (20 events):
Event: 22.986 loading class org/codehaus/groovy/util/AbstractConcurrentMapBase$Segment
Event: 22.986 loading class org/codehaus/groovy/util/AbstractConcurrentMapBase$Segment done
Event: 22.987 loading class org/codehaus/groovy/util/AbstractConcurrentMap$Segment
Event: 22.987 loading class org/codehaus/groovy/util/AbstractConcurrentMap$Segment done
Event: 22.989 loading class org/codehaus/groovy/util/ManagedConcurrentMap$Segment
Event: 22.989 loading class org/codehaus/groovy/util/ManagedConcurrentMap$Segment done
Event: 22.990 loading class org/codehaus/groovy/util/AbstractConcurrentMap$Entry
Event: 22.990 loading class org/codehaus/groovy/util/AbstractConcurrentMap$Entry done
Event: 22.991 loading class org/codehaus/groovy/util/AbstractConcurrentMapBase$Entry
Event: 22.991 loading class org/codehaus/groovy/util/AbstractConcurrentMapBase$Entry done
Event: 22.996 loading class org/codehaus/groovy/ast/MixinNode
Event: 22.996 loading class org/codehaus/groovy/ast/MixinNode done
Event: 22.997 loading class org/codehaus/groovy/ast/ClassNode$MapOfLists
Event: 22.997 loading class org/codehaus/groovy/ast/ClassNode$MapOfLists done
Event: 22.999 loading class org/codehaus/groovy/util/ManagedConcurrentMap$EntryWithValue
Event: 22.999 loading class org/codehaus/groovy/util/ManagedConcurrentMap$EntryWithValue done
Event: 23.000 loading class org/codehaus/groovy/util/ManagedConcurrentMap$Entry
Event: 23.000 loading class org/codehaus/groovy/util/ManagedConcurrentMap$Entry done
Event: 23.002 loading class org/codehaus/groovy/ast/ClassNode
Event: 23.002 loading class org/codehaus/groovy/ast/ClassNode done


Dynamic libraries:
0x00007ff60e9e0000 - 0x00007ff60e9ed000 	C:\Program Files\Microsoft\jdk-11.0.20.8-hotspot\bin\java.exe
0x00007fffd19b0000 - 0x00007fffd1bc4000 	C:\WINDOWS\SYSTEM32\ntdll.dll
0x00007fffd0650000 - 0x00007fffd0714000 	C:\WINDOWS\System32\KERNEL32.DLL
0x00007fffcf100000 - 0x00007fffcf4a4000 	C:\WINDOWS\System32\KERNELBASE.dll
0x00007fffcefe0000 - 0x00007fffcf0f1000 	C:\WINDOWS\System32\ucrtbase.dll
0x00007fff8e780000 - 0x00007fff8e797000 	C:\Program Files\Microsoft\jdk-11.0.20.8-hotspot\bin\jli.dll
0x00007fff8e760000 - 0x00007fff8e775000 	C:\Program Files\Microsoft\jdk-11.0.20.8-hotspot\bin\VCRUNTIME140.dll
0x00007fffd17c0000 - 0x00007fffd196e000 	C:\WINDOWS\System32\USER32.dll
0x00007fffcefb0000 - 0x00007fffcefd6000 	C:\WINDOWS\System32\win32u.dll
0x00007fffbbe50000 - 0x00007fffbc0e3000 	C:\WINDOWS\WinSxS\amd64_microsoft.windows.common-controls_6595b64144ccf1df_6.0.22621.2215_none_270d72677387dfc3\COMCTL32.dll
0x00007fffd1790000 - 0x00007fffd17b9000 	C:\WINDOWS\System32\GDI32.dll
0x00007fffcffb0000 - 0x00007fffd0057000 	C:\WINDOWS\System32\msvcrt.dll
0x00007fffcee90000 - 0x00007fffcefa8000 	C:\WINDOWS\System32\gdi32full.dll
0x00007fffcf530000 - 0x00007fffcf5ca000 	C:\WINDOWS\System32\msvcp_win.dll
0x00007fffd0ac0000 - 0x00007fffd0af1000 	C:\WINDOWS\System32\IMM32.DLL
0x00007fff6fc50000 - 0x00007fff6fceb000 	C:\Program Files\Microsoft\jdk-11.0.20.8-hotspot\bin\msvcp140.dll
0x00007fff6b610000 - 0x00007fff6c1a6000 	C:\Program Files\Microsoft\jdk-11.0.20.8-hotspot\bin\server\jvm.dll
0x00007fffd0440000 - 0x00007fffd04f0000 	C:\WINDOWS\System32\ADVAPI32.dll
0x00007fffd0b00000 - 0x00007fffd0ba6000 	C:\WINDOWS\System32\sechost.dll
0x00007fffd0060000 - 0x00007fffd0177000 	C:\WINDOWS\System32\RPCRT4.dll
0x00007fffd04f0000 - 0x00007fffd04f8000 	C:\WINDOWS\System32\PSAPI.DLL
0x00007fffb58e0000 - 0x00007fffb58e9000 	C:\WINDOWS\SYSTEM32\WSOCK32.dll
0x00007fffc69e0000 - 0x00007fffc6a14000 	C:\WINDOWS\SYSTEM32\WINMM.dll
0x00007fffc77c0000 - 0x00007fffc77ca000 	C:\WINDOWS\SYSTEM32\VERSION.dll
0x00007fffcf990000 - 0x00007fffcfa01000 	C:\WINDOWS\System32\WS2_32.dll
0x00007fffcddb0000 - 0x00007fffcddc8000 	C:\WINDOWS\SYSTEM32\kernel.appcore.dll
0x00007fff8e750000 - 0x00007fff8e760000 	C:\Program Files\Microsoft\jdk-11.0.20.8-hotspot\bin\verify.dll
0x00007fffcc970000 - 0x00007fffccb9e000 	C:\WINDOWS\SYSTEM32\DBGHELP.DLL
0x00007fffd0730000 - 0x00007fffd0aba000 	C:\WINDOWS\System32\combase.dll
0x00007fffd0500000 - 0x00007fffd05d7000 	C:\WINDOWS\System32\OLEAUT32.dll
0x00007fffb8d10000 - 0x00007fffb8d42000 	C:\WINDOWS\SYSTEM32\dbgcore.DLL
0x00007fffcf4b0000 - 0x00007fffcf52a000 	C:\WINDOWS\System32\bcryptPrimitives.dll
0x00007fff6fc20000 - 0x00007fff6fc48000 	C:\Program Files\Microsoft\jdk-11.0.20.8-hotspot\bin\java.dll
0x00007fff8e740000 - 0x00007fff8e74a000 	C:\Program Files\Microsoft\jdk-11.0.20.8-hotspot\bin\jimage.dll
0x00007fff72e30000 - 0x00007fff72e48000 	C:\Program Files\Microsoft\jdk-11.0.20.8-hotspot\bin\zip.dll
0x00007fffd0bb0000 - 0x00007fffd13d3000 	C:\WINDOWS\System32\SHELL32.dll
0x00007fffcccf0000 - 0x00007fffcd5da000 	C:\WINDOWS\SYSTEM32\windows.storage.dll
0x00007fffccbb0000 - 0x00007fffcccee000 	C:\WINDOWS\SYSTEM32\wintypes.dll
0x00007fffcfa10000 - 0x00007fffcfb03000 	C:\WINDOWS\System32\SHCORE.dll
0x00007fffcf900000 - 0x00007fffcf95e000 	C:\WINDOWS\System32\shlwapi.dll
0x00007fffcec90000 - 0x00007fffcecb6000 	C:\WINDOWS\SYSTEM32\profapi.dll
0x00007fff6fc00000 - 0x00007fff6fc19000 	C:\Program Files\Microsoft\jdk-11.0.20.8-hotspot\bin\net.dll
0x00007fffc3d00000 - 0x00007fffc3e37000 	C:\WINDOWS\SYSTEM32\WINHTTP.dll
0x00007fffce230000 - 0x00007fffce299000 	C:\WINDOWS\system32\mswsock.dll
0x00007fff6fbe0000 - 0x00007fff6fbf3000 	C:\Program Files\Microsoft\jdk-11.0.20.8-hotspot\bin\nio.dll
0x00007fffac940000 - 0x00007fffac967000 	C:\Users\ACER\.gradle\native\68d5fa5c4cc2d200863cafc0d521ce42e7d3e7ee720ec0a83991735586a16f82\windows-amd64\native-platform.dll
0x00007fff67ce0000 - 0x00007fff67e24000 	C:\Users\ACER\.gradle\native\e376f236ea51e6404a007f0833ffe2c6e607c4080706a723a18a27aeea778392\windows-amd64\native-platform-file-events.dll
0x00007fff6fd50000 - 0x00007fff6fd59000 	C:\Program Files\Microsoft\jdk-11.0.20.8-hotspot\bin\management.dll
0x00007fff6fba0000 - 0x00007fff6fbab000 	C:\Program Files\Microsoft\jdk-11.0.20.8-hotspot\bin\management_ext.dll
0x00007fffce480000 - 0x00007fffce49b000 	C:\WINDOWS\SYSTEM32\CRYPTSP.dll
0x00007fffcdd20000 - 0x00007fffcdd55000 	C:\WINDOWS\system32\rsaenh.dll
0x00007fffce320000 - 0x00007fffce34c000 	C:\WINDOWS\SYSTEM32\USERENV.dll
0x00007fffce690000 - 0x00007fffce6b8000 	C:\WINDOWS\SYSTEM32\bcrypt.dll
0x00007fffce4a0000 - 0x00007fffce4ac000 	C:\WINDOWS\SYSTEM32\CRYPTBASE.dll
0x00007fffcd840000 - 0x00007fffcd86d000 	C:\WINDOWS\SYSTEM32\IPHLPAPI.DLL
0x00007fffd0180000 - 0x00007fffd0189000 	C:\WINDOWS\System32\NSI.dll
0x00007fffc3e70000 - 0x00007fffc3e89000 	C:\WINDOWS\SYSTEM32\dhcpcsvc6.DLL
0x00007fffc3af0000 - 0x00007fffc3b0f000 	C:\WINDOWS\SYSTEM32\dhcpcsvc.DLL
0x00007fffcd8b0000 - 0x00007fffcd9a2000 	C:\WINDOWS\SYSTEM32\DNSAPI.dll

dbghelp: loaded successfully - version: 4.0.5 - missing functions: none
symbol engine: initialized successfully - sym options: 0x614 - pdb path: .;C:\Program Files\Microsoft\jdk-11.0.20.8-hotspot\bin;C:\WINDOWS\SYSTEM32;C:\WINDOWS\WinSxS\amd64_microsoft.windows.common-controls_6595b64144ccf1df_6.0.22621.2215_none_270d72677387dfc3;C:\Program Files\Microsoft\jdk-11.0.20.8-hotspot\bin\server;C:\Users\ACER\.gradle\native\68d5fa5c4cc2d200863cafc0d521ce42e7d3e7ee720ec0a83991735586a16f82\windows-amd64;C:\Users\ACER\.gradle\native\e376f236ea51e6404a007f0833ffe2c6e607c4080706a723a18a27aeea778392\windows-amd64

VM Arguments:
jvm_args: -XX:MaxMetaspaceSize=512m --add-opens=java.base/java.util=ALL-UNNAMED --add-opens=java.base/java.lang=ALL-UNNAMED --add-opens=java.base/java.lang.invoke=ALL-UNNAMED --add-opens=java.prefs/java.util.prefs=ALL-UNNAMED --add-opens=java.base/java.nio.charset=ALL-UNNAMED --add-opens=java.base/java.net=ALL-UNNAMED --add-opens=java.base/java.util.concurrent.atomic=ALL-UNNAMED -Xmx2048m -Dfile.encoding=windows-1252 -Duser.country=IN -Duser.language=en -Duser.variant 
java_command: org.gradle.launcher.daemon.bootstrap.GradleDaemon 8.0.1
java_class_path (initial): C:\Users\ACER\.gradle\wrapper\dists\gradle-8.0.1-all\aro4hu1c3oeioove7l0i4i14o\gradle-8.0.1\lib\gradle-launcher-8.0.1.jar
Launcher Type: SUN_STANDARD

[Global flags]
     intx CICompilerCount                          = 4                                         {product} {ergonomic}
   size_t CompressedClassSpaceSize                 = 528482304                                 {product} {ergonomic}
     uint ConcGCThreads                            = 2                                         {product} {ergonomic}
     uint G1ConcRefinementThreads                  = 8                                         {product} {ergonomic}
   size_t G1HeapRegionSize                         = 1048576                                   {product} {ergonomic}
    uintx GCDrainStackTargetSize                   = 64                                        {product} {ergonomic}
   size_t InitialHeapSize                          = 58720256                                  {product} {ergonomic}
   size_t MarkStackSize                            = 4194304                                   {product} {ergonomic}
   size_t MaxHeapSize                              = 2147483648                                {product} {command line}
   size_t MaxMetaspaceSize                         = 536870912                                 {product} {command line}
   size_t MaxNewSize                               = 1287651328                                {product} {ergonomic}
   size_t MinHeapDeltaBytes                        = 1048576                                   {product} {ergonomic}
    uintx NonNMethodCodeHeapSize                   = 5836300                                {pd product} {ergonomic}
    uintx NonProfiledCodeHeapSize                  = 122910970                              {pd product} {ergonomic}
    uintx ProfiledCodeHeapSize                     = 122910970                              {pd product} {ergonomic}
    uintx ReservedCodeCacheSize                    = 251658240                              {pd product} {ergonomic}
     bool SegmentedCodeCache                       = true                                      {product} {ergonomic}
     bool UseCompressedClassPointers               = true                                 {lp64_product} {ergonomic}
     bool UseCompressedOops                        = true                                 {lp64_product} {ergonomic}
     bool UseG1GC                                  = true                                      {product} {ergonomic}
     bool UseLargePagesIndividualAllocation        = false                                  {pd product} {ergonomic}

Logging:
Log output configuration:
 #0: stdout all=warning uptime,level,tags
 #1: stderr all=off uptime,level,tags

Environment Variables:
JAVA_HOME=C:\Program Files\Microsoft\jdk-11.0.20.8-hotspot\
CLASSPATH=D:\Akki\Nupost-App\android\\gradle\wrapper\gradle-wrapper.jar
PATH=D:\Akki\Nupost-App\node_modules\.bin;D:\Akki\Nupost-App\node_modules\.bin;D:\Akki\node_modules\.bin;D:\node_modules\.bin;C:\Users\ACER\AppData\Roaming\npm\node_modules\npm\node_modules\@npmcli\run-script\lib\node-gyp-bin;D:\Akki\Nupost-App\node_modules\.bin;D:\Akki\node_modules\.bin;D:\node_modules\.bin;C:\Users\ACER\AppData\Roaming\npm\node_modules\npm\node_modules\@npmcli\run-script\lib\node-gyp-bin;C:\Program Files\Microsoft\jdk-11.0.20.8-hotspot\bin;C:\Python311\Scripts\;C:\Python311\;C:\Program Files\Common Files\Oracle\Java\javapath;C:\WINDOWS\system32;C:\WINDOWS;C:\WINDOWS\System32\Wbem;C:\WINDOWS\System32\WindowsPowerShell\v1.0\;C:\WINDOWS\System32\OpenSSH\;C:\Program Files\Git\cmd;C:\Program Files\PuTTY\;C:\ProgramData\chocolatey\bin;C:\Program Files\nodejs\;C:\Program Files\MySQL\MySQL Shell 8.0\bin\;C:\Users\ACER\AppData\Local\Microsoft\WindowsApps;C:\Users\ACER\AppData\Local\Programs\Microsoft VS Code\bin;C:\Program Files\heroku\bin;C:\Users\ACER\AppData\Roaming\npm;C:\Users\ACER\AppData\Local\GitHubDesktop\bin
USERNAME=ACER
OS=Windows_NT
PROCESSOR_IDENTIFIER=AMD64 Family 23 Model 24 Stepping 1, AuthenticAMD
TMP=C:\Users\ACER\AppData\Local\Temp
TEMP=C:\Users\ACER\AppData\Local\Temp



---------------  S Y S T E M  ---------------

OS: Windows 11 , 64 bit Build 22621 (10.0.22621.2215)
OS uptime: 0 days 3:45 hours

CPU:total 8 (initial active 8) (8 cores per cpu, 2 threads per core) family 23 model 24 stepping 1 microcode 0x0, cmov, cx8, fxsr, mmx, sse, sse2, sse3, ssse3, sse4.1, sse4.2, popcnt, avx, avx2, aes, clmul, mmxext, 3dnowpref, lzcnt, sse4a, ht, tsc, tscinvbit, tscinv, bmi1, bmi2, adx, sha, fma

Memory: 4k page, system-wide physical 3521M (158M free)
TotalPageFile size 14273M (AvailPageFile size 71M)
current process WorkingSet (physical memory assigned to process): 169M, peak: 176M
current process commit charge ("private bytes"): 216M, peak: 222M

vm_info: OpenJDK 64-Bit Server VM (11.0.20+8-LTS) for windows-amd64 JRE (11.0.20+8-LTS), built on Jul  7 2023 17:05:21 by "MicrosoftCorporation" with MS VC++ 15.9 (VS2017)

END.
